# JRE version: OpenJDK Runtime Environment (21.0.7) (build 21.0.7+-13880790-b1038.58)
# Java VM: OpenJDK 64-Bit Server VM (21.0.7+-13880790-b1038.58, mixed mode, tiered, compressed oops, compressed class ptrs, g1 gc, windows-amd64)
GC Precious Log:
 CardTable entry size: 512
 Card Set container configuration: InlinePtr #cards 5 size 8 Array Of Cards #cards 12 size 40 Howl #buckets 4 coarsen threshold 1843 Howl Bitmap #cards 512 size 80 coarsen threshold 460 Card regions per heap region 1 cards per card region 2048
 CPUs: 8 total, 8 available
 Memory: 7969M
 Large Page Support: Disabled
 NUMA Support: Disabled
 Compressed Oops: Enabled (32-bit)
 Heap Region Size: 1M
 Heap Min Capacity: 8M
 Heap Initial Capacity: 126M
 Heap Max Capacity: 512M
 Pre-touch: Disabled
 Parallel Workers: 8
 Concurrent Workers: 2
 Concurrent Refinement Workers: 8
 Periodic GC: Disabled
Heap:
 garbage-first heap   total 375808K, used 331932K [0x00000000e0000000, 0x0000000100000000)
  region size 1024K, 218 young (223232K), 22 survivors (22528K)
 Metaspace       used 152130K, committed 153408K, reserved 409600K
  class space    used 20571K, committed 21184K, reserved 212992K
GC Heap History (20 events):
Event: 48.764 GC heap after
{Heap after GC invocations=145 (full 39):
 garbage-first heap   total 524288K, used 522671K [0x00000000e0000000, 0x0000000100000000)
  region size 1024K, 0 young (0K), 0 survivors (0K)
 Metaspace       used 139265K, committed 140480K, reserved 344064K
  class space    used 18636K, committed 19136K, reserved 212992K
}
Event: 48.764 GC heap before
{Heap before GC invocations=145 (full 39):
 garbage-first heap   total 524288K, used 522671K [0x00000000e0000000, 0x0000000100000000)
  region size 1024K, 0 young (0K), 0 survivors (0K)
 Metaspace       used 139265K, committed 140480K, reserved 344064K
  class space    used 18636K, committed 19136K, reserved 212992K
}
Event: 49.071 GC heap after
{Heap after GC invocations=146 (full 40):
 garbage-first heap   total 524288K, used 522137K [0x00000000e0000000, 0x0000000100000000)
  region size 1024K, 0 young (0K), 0 survivors (0K)
 Metaspace       used 139265K, committed 140480K, reserved 344064K
  class space    used 18636K, committed 19136K, reserved 212992K
}
Event: 49.076 GC heap before
{Heap before GC invocations=146 (full 40):
 garbage-first heap   total 524288K, used 522137K [0x00000000e0000000, 0x0000000100000000)
  region size 1024K, 1 young (1024K), 0 survivors (0K)
 Metaspace       used 139265K, committed 140480K, reserved 344064K
  class space    used 18636K, committed 19136K, reserved 212992K
}
Event: 49.078 GC heap after
{Heap after GC invocations=147 (full 40):
 garbage-first heap   total 524288K, used 523159K [0x00000000e0000000, 0x0000000100000000)
  region size 1024K, 0 young (0K), 0 survivors (0K)
 Metaspace       used 139265K, committed 140480K, reserved 344064K
  class space    used 18636K, committed 19136K, reserved 212992K
}
Event: 49.078 GC heap before
{Heap before GC invocations=147 (full 40):
 garbage-first heap   total 524288K, used 523159K [0x00000000e0000000, 0x0000000100000000)
  region size 1024K, 0 young (0K), 0 survivors (0K)
 Metaspace       used 139265K, committed 140480K, reserved 344064K
  class space    used 18636K, committed 19136K, reserved 212992K
}
Event: 49.368 GC heap after
{Heap after GC invocations=148 (full 41):
 garbage-first heap   total 524288K, used 522625K [0x00000000e0000000, 0x0000000100000000)
  region size 1024K, 0 young (0K), 0 survivors (0K)
 Metaspace       used 139265K, committed 140480K, reserved 344064K
  class space    used 18636K, committed 19136K, reserved 212992K
}
Event: 49.368 GC heap before
{Heap before GC invocations=148 (full 41):
 garbage-first heap   total 524288K, used 522625K [0x00000000e0000000, 0x0000000100000000)
  region size 1024K, 0 young (0K), 0 survivors (0K)
 Metaspace       used 139265K, committed 140480K, reserved 344064K
  class space    used 18636K, committed 19136K, reserved 212992K
}
Event: 49.758 GC heap after
{Heap after GC invocations=149 (full 42):
 garbage-first heap   total 524288K, used 522625K [0x00000000e0000000, 0x0000000100000000)
  region size 1024K, 0 young (0K), 0 survivors (0K)
 Metaspace       used 139265K, committed 140480K, reserved 344064K
  class space    used 18636K, committed 19136K, reserved 212992K
}
Event: 49.760 GC heap before
{Heap before GC invocations=149 (full 42):
 garbage-first heap   total 524288K, used 522625K [0x00000000e0000000, 0x0000000100000000)
  region size 1024K, 0 young (0K), 0 survivors (0K)
 Metaspace       used 139265K, committed 140480K, reserved 344064K
  class space    used 18636K, committed 19136K, reserved 212992K
}
Event: 49.763 GC heap after
{Heap after GC invocations=150 (full 42):
 garbage-first heap   total 524288K, used 522625K [0x00000000e0000000, 0x0000000100000000)
  region size 1024K, 0 young (0K), 0 survivors (0K)
 Metaspace       used 139265K, committed 140480K, reserved 344064K
  class space    used 18636K, committed 19136K, reserved 212992K
}
Event: 49.763 GC heap before
{Heap before GC invocations=150 (full 42):
 garbage-first heap   total 524288K, used 522625K [0x00000000e0000000, 0x0000000100000000)
  region size 1024K, 0 young (0K), 0 survivors (0K)
 Metaspace       used 139265K, committed 140480K, reserved 344064K
  class space    used 18636K, committed 19136K, reserved 212992K
}
Event: 50.045 GC heap after
{Heap after GC invocations=151 (full 43):
 garbage-first heap   total 524288K, used 522277K [0x00000000e0000000, 0x0000000100000000)
  region size 1024K, 0 young (0K), 0 survivors (0K)
 Metaspace       used 139265K, committed 140480K, reserved 344064K
  class space    used 18636K, committed 19136K, reserved 212992K
}
Event: 50.075 GC heap before
{Heap before GC invocations=151 (full 43):
 garbage-first heap   total 524288K, used 523301K [0x00000000e0000000, 0x0000000100000000)
  region size 1024K, 1 young (1024K), 0 survivors (0K)
 Metaspace       used 139315K, committed 140544K, reserved 344064K
  class space    used 18648K, committed 19136K, reserved 212992K
}
Event: 50.077 GC heap after
{Heap after GC invocations=152 (full 43):
 garbage-first heap   total 524288K, used 523301K [0x00000000e0000000, 0x0000000100000000)
  region size 1024K, 0 young (0K), 0 survivors (0K)
 Metaspace       used 139315K, committed 140544K, reserved 344064K
  class space    used 18648K, committed 19136K, reserved 212992K
}
Event: 50.077 GC heap before
{Heap before GC invocations=152 (full 43):
 garbage-first heap   total 524288K, used 523301K [0x00000000e0000000, 0x0000000100000000)
  region size 1024K, 0 young (0K), 0 survivors (0K)
 Metaspace       used 139315K, committed 140544K, reserved 344064K
  class space    used 18648K, committed 19136K, reserved 212992K
}
Event: 50.188 GC heap after
{Heap after GC invocations=153 (full 44):
 garbage-first heap   total 372736K, used 106741K [0x00000000e0000000, 0x0000000100000000)
  region size 1024K, 0 young (0K), 0 survivors (0K)
 Metaspace       used 139315K, committed 140544K, reserved 344064K
  class space    used 18648K, committed 19136K, reserved 212992K
}
Event: 109.875 GC heap before
{Heap before GC invocations=153 (full 44):
 garbage-first heap   total 372736K, used 328949K [0x00000000e0000000, 0x0000000100000000)
  region size 1024K, 218 young (223232K), 0 survivors (0K)
 Metaspace       used 145200K, committed 146304K, reserved 344064K
  class space    used 19527K, committed 20032K, reserved 212992K
}
Event: 109.894 GC heap after
{Heap after GC invocations=154 (full 44):
 garbage-first heap   total 372736K, used 127132K [0x00000000e0000000, 0x0000000100000000)
  region size 1024K, 20 young (20480K), 20 survivors (20480K)
 Metaspace       used 145200K, committed 146304K, reserved 344064K
  class space    used 19527K, committed 20032K, reserved 212992K
}
Event: 110.636 GC heap before
{Heap before GC invocations=155 (full 44):
 garbage-first heap   total 372736K, used 330908K [0x00000000e0000000, 0x0000000100000000)
  region size 1024K, 216 young (221184K), 20 survivors (20480K)
 Metaspace       used 152130K, committed 153408K, reserved 409600K
  class space    used 20571K, committed 21184K, reserved 212992K
}

